<?xml version="1.0" encoding="UTF-8"?>
<testsuite name="carte.proj.teachexback.CourseRestfulTest" tests="1" skipped="0" failures="0" errors="0" timestamp="2023-09-02T21:40:20" hostname="CARTERSMACHINE" time="0.877">
  <properties/>
  <testcase name="testGetAllCoursesEndpoint()" classname="carte.proj.teachexback.CourseRestfulTest" time="0.877"/>
  <system-out><![CDATA[17:40:15.138 [Test worker] INFO org.springframework.test.context.support.AnnotationConfigContextLoaderUtils -- Could not detect default configuration classes for test class [carte.proj.teachexback.CourseRestfulTest]: CourseRestfulTest does not declare any static, non-private, non-final, nested classes annotated with @Configuration.
17:40:15.236 [Test worker] INFO org.springframework.boot.test.context.SpringBootTestContextBootstrapper -- Found @SpringBootConfiguration carte.proj.teachexback.TeachexBackApplication for test class carte.proj.teachexback.CourseRestfulTest

  .   ____          _            __ _ _
 /\\ / ___'_ __ _ _(_)_ __  __ _ \ \ \ \
( ( )\___ | '_ | '_| | '_ \/ _` | \ \ \ \
 \\/  ___)| |_)| | | | | || (_| |  ) ) ) )
  '  |____| .__|_| |_|_| |_\__, | / / / /
 =========|_|==============|___/=/_/_/_/
 :: Spring Boot ::                (v3.1.3)

2023-09-02T17:40:15.616-04:00  INFO 13296 --- [    Test worker] c.proj.teachexback.CourseRestfulTest     : Starting CourseRestfulTest using Java 17.0.8.1 with PID 13296 (started by carte in C:\Users\carte\projects\github\teachex\teachex-back-end)
2023-09-02T17:40:15.617-04:00  INFO 13296 --- [    Test worker] c.proj.teachexback.CourseRestfulTest     : No active profile set, falling back to 1 default profile: "default"
2023-09-02T17:40:16.575-04:00  INFO 13296 --- [    Test worker] .s.d.r.c.RepositoryConfigurationDelegate : Bootstrapping Spring Data JPA repositories in DEFAULT mode.
2023-09-02T17:40:16.636-04:00  INFO 13296 --- [    Test worker] .s.d.r.c.RepositoryConfigurationDelegate : Finished Spring Data repository scanning in 49 ms. Found 3 JPA repository interfaces.
2023-09-02T17:40:17.164-04:00  INFO 13296 --- [    Test worker] o.s.b.w.embedded.tomcat.TomcatWebServer  : Tomcat initialized with port(s): 0 (http)
2023-09-02T17:40:17.176-04:00  INFO 13296 --- [    Test worker] o.apache.catalina.core.StandardService   : Starting service [Tomcat]
2023-09-02T17:40:17.177-04:00  INFO 13296 --- [    Test worker] o.apache.catalina.core.StandardEngine    : Starting Servlet engine: [Apache Tomcat/10.1.12]
2023-09-02T17:40:17.265-04:00  INFO 13296 --- [    Test worker] o.a.c.c.C.[Tomcat].[localhost].[/]       : Initializing Spring embedded WebApplicationContext
2023-09-02T17:40:17.267-04:00  INFO 13296 --- [    Test worker] w.s.c.ServletWebServerApplicationContext : Root WebApplicationContext: initialization completed in 1624 ms
2023-09-02T17:40:17.407-04:00  INFO 13296 --- [    Test worker] o.hibernate.jpa.internal.util.LogHelper  : HHH000204: Processing PersistenceUnitInfo [name: default]
2023-09-02T17:40:17.470-04:00  INFO 13296 --- [    Test worker] org.hibernate.Version                    : HHH000412: Hibernate ORM core version 6.2.7.Final
2023-09-02T17:40:17.474-04:00  INFO 13296 --- [    Test worker] org.hibernate.cfg.Environment            : HHH000406: Using bytecode reflection optimizer
2023-09-02T17:40:17.618-04:00  INFO 13296 --- [    Test worker] o.h.b.i.BytecodeProviderInitiator        : HHH000021: Bytecode provider name : bytebuddy
2023-09-02T17:40:17.734-04:00  INFO 13296 --- [    Test worker] o.s.o.j.p.SpringPersistenceUnitInfo      : No LoadTimeWeaver setup: ignoring JPA class transformer
2023-09-02T17:40:17.748-04:00  INFO 13296 --- [    Test worker] com.zaxxer.hikari.HikariDataSource       : HikariPool-1 - Starting...
2023-09-02T17:40:18.001-04:00  INFO 13296 --- [    Test worker] com.zaxxer.hikari.pool.HikariPool        : HikariPool-1 - Added connection com.mysql.cj.jdbc.ConnectionImpl@31e3c34
2023-09-02T17:40:18.003-04:00  INFO 13296 --- [    Test worker] com.zaxxer.hikari.HikariDataSource       : HikariPool-1 - Start completed.
2023-09-02T17:40:18.307-04:00  INFO 13296 --- [    Test worker] o.h.b.i.BytecodeProviderInitiator        : HHH000021: Bytecode provider name : bytebuddy
2023-09-02T17:40:18.856-04:00  INFO 13296 --- [    Test worker] o.h.e.t.j.p.i.JtaPlatformInitiator       : HHH000490: Using JtaPlatform implementation: [org.hibernate.engine.transaction.jta.platform.internal.NoJtaPlatform]
Hibernate: alter table courses modify column subject  enum ('ENGINEERING','HUMANITIES','MATH','SCIENCE')
2023-09-02T17:40:18.923-04:00  INFO 13296 --- [    Test worker] j.LocalContainerEntityManagerFactoryBean : Initialized JPA EntityManagerFactory for persistence unit 'default'
2023-09-02T17:40:19.542-04:00  WARN 13296 --- [    Test worker] JpaBaseConfiguration$JpaWebConfiguration : spring.jpa.open-in-view is enabled by default. Therefore, database queries may be performed during view rendering. Explicitly configure spring.jpa.open-in-view to disable this warning
2023-09-02T17:40:20.009-04:00  INFO 13296 --- [    Test worker] o.s.b.w.embedded.tomcat.TomcatWebServer  : Tomcat started on port(s): 64306 (http) with context path ''
2023-09-02T17:40:20.018-04:00  INFO 13296 --- [    Test worker] c.proj.teachexback.CourseRestfulTest     : Started CourseRestfulTest in 4.631 seconds (process running for 5.964)
2023-09-02T17:40:20.601-04:00  INFO 13296 --- [o-auto-1-exec-1] o.a.c.c.C.[Tomcat].[localhost].[/]       : Initializing Spring DispatcherServlet 'dispatcherServlet'
2023-09-02T17:40:20.601-04:00  INFO 13296 --- [o-auto-1-exec-1] o.s.web.servlet.DispatcherServlet        : Initializing Servlet 'dispatcherServlet'
2023-09-02T17:40:20.602-04:00  INFO 13296 --- [o-auto-1-exec-1] o.s.web.servlet.DispatcherServlet        : Completed initialization in 1 ms
Hibernate: select c1_0.id,c1_0.end_date,c1_0.name,c1_0.start_date,c1_0.subject from courses c1_0
Hibernate: select s1_0.course_id,s1_1.id,s1_1.first_name,s1_1.last_name,s1_1.password,s1_1.username from attended_courses s1_0 join students s1_1 on s1_1.id=s1_0.student_id where s1_0.course_id=?
]]></system-out>
  <system-err><![CDATA[]]></system-err>
</testsuite>
